2025-05-18 03:54:32 - root - INFO - Logger initialized
2025-05-18 03:54:32 - app - INFO - Initializing Medical Terminology Mapper application
2025-05-18 03:54:32 - app.standards.terminology.embedded_db - INFO - Connecting to snomed database at /Users/brandonkenney/Projects/medical-terminology-mapper/data/terminology/snomed_core.sqlite
2025-05-18 03:54:32 - app.standards.terminology.embedded_db - INFO - Connecting to loinc database at /Users/brandonkenney/Projects/medical-terminology-mapper/data/terminology/loinc_core.sqlite
2025-05-18 03:54:32 - app.standards.terminology.embedded_db - INFO - Connecting to rxnorm database at /Users/brandonkenney/Projects/medical-terminology-mapper/data/terminology/rxnorm_core.sqlite
2025-05-18 03:54:32 - app.standards.terminology.embedded_db - INFO - Loaded 6 custom mappings
2025-05-18 03:54:32 - app.standards.terminology.embedded_db - ERROR - Error getting SNOMED concept '73211009': no such column: concept_type
2025-05-18 03:54:32 - app.standards.terminology.embedded_db - ERROR - Error getting SNOMED concept '44054006': no such column: concept_type
2025-05-18 03:54:32 - app.standards.terminology.embedded_db - ERROR - Error getting SNOMED concept '24700007': no such column: concept_type
2025-05-18 03:54:32 - app.standards.terminology.embedded_db - INFO - Connecting to snomed database at /Users/brandonkenney/Projects/medical-terminology-mapper/data/terminology/snomed_core.sqlite
2025-05-18 03:54:32 - app.standards.terminology.embedded_db - INFO - Connecting to loinc database at /Users/brandonkenney/Projects/medical-terminology-mapper/data/terminology/loinc_core.sqlite
2025-05-18 03:54:32 - app.standards.terminology.embedded_db - INFO - Connecting to rxnorm database at /Users/brandonkenney/Projects/medical-terminology-mapper/data/terminology/rxnorm_core.sqlite
2025-05-18 03:54:32 - app.standards.terminology.embedded_db - INFO - Loaded 6 custom mappings
2025-05-18 03:54:32 - app.standards.terminology.embedded_db - ERROR - Error getting SNOMED concept '38341003': no such column: concept_type
2025-05-18 03:54:32 - app.standards.terminology.embedded_db - ERROR - Error getting SNOMED concept '422034002': no such column: concept_type
2025-05-18 03:54:32 - app.standards.terminology.embedded_db - ERROR - Error getting SNOMED concept '49436004': no such column: concept_type
2025-05-18 03:55:20 - root - INFO - Logger initialized
2025-05-18 03:55:20 - app - INFO - Initializing Medical Terminology Mapper application
2025-05-18 03:55:20 - setup_terminology_db - INFO - Starting terminology database setup
2025-05-18 03:55:20 - setup_terminology_db - INFO - Using data directory: /Users/brandonkenney/Projects/medical-terminology-mapper/scripts/data/terminology
2025-05-18 03:55:20 - setup_terminology_db - INFO - Creating sample databases...
2025-05-18 03:55:20 - app.standards.terminology.db_updater - ERROR - Sample data directory not found: /Users/brandonkenney/Projects/medical-terminology-mapper/scripts/data/terminology/sample_data
2025-05-18 03:55:20 - setup_terminology_db - INFO - Sample databases created successfully
2025-05-18 03:55:32 - root - INFO - Logger initialized
2025-05-18 03:55:32 - app - INFO - Initializing Medical Terminology Mapper application
2025-05-18 03:55:32 - setup_terminology_db - INFO - Starting terminology database setup
2025-05-18 03:55:32 - setup_terminology_db - INFO - Using data directory: /Users/brandonkenney/Projects/medical-terminology-mapper/data/terminology
2025-05-18 03:55:32 - setup_terminology_db - INFO - Creating sample databases...
2025-05-18 03:55:32 - app.standards.terminology.db_updater - INFO - Creating sample snomed database...
2025-05-18 03:55:32 - app.standards.terminology.db_updater - INFO - Created empty snomed database at /Users/brandonkenney/Projects/medical-terminology-mapper/data/terminology/snomed_core.sqlite
2025-05-18 03:55:32 - app.standards.terminology.db_updater - INFO - Successfully imported 15 concepts records into snomed database
2025-05-18 03:55:32 - app.standards.terminology.db_updater - INFO - Imported 15 snomed concepts
2025-05-18 03:55:32 - app.standards.terminology.db_updater - INFO - Successfully imported 14 relationships records into snomed database
2025-05-18 03:55:32 - app.standards.terminology.db_updater - INFO - Imported 14 snomed relationships
2025-05-18 03:55:32 - app.standards.terminology.db_updater - INFO - Creating sample loinc database...
2025-05-18 03:55:32 - app.standards.terminology.db_updater - INFO - Created empty loinc database at /Users/brandonkenney/Projects/medical-terminology-mapper/data/terminology/loinc_core.sqlite
2025-05-18 03:55:32 - app.standards.terminology.db_updater - INFO - Successfully imported 15 concepts records into loinc database
2025-05-18 03:55:32 - app.standards.terminology.db_updater - INFO - Imported 15 loinc concepts
2025-05-18 03:55:32 - app.standards.terminology.db_updater - INFO - Creating sample rxnorm database...
2025-05-18 03:55:32 - app.standards.terminology.db_updater - INFO - Created empty rxnorm database at /Users/brandonkenney/Projects/medical-terminology-mapper/data/terminology/rxnorm_core.sqlite
2025-05-18 03:55:32 - app.standards.terminology.db_updater - INFO - Successfully imported 15 concepts records into rxnorm database
2025-05-18 03:55:32 - app.standards.terminology.db_updater - INFO - Imported 15 rxnorm concepts
2025-05-18 03:55:32 - app.standards.terminology.db_updater - INFO - Sample databases creation completed
2025-05-18 03:55:32 - setup_terminology_db - INFO - Sample databases created successfully
2025-05-18 03:55:36 - root - INFO - Logger initialized
2025-05-18 03:55:36 - app - INFO - Initializing Medical Terminology Mapper application
2025-05-18 03:55:36 - app.standards.terminology.embedded_db - INFO - Connecting to snomed database at /Users/brandonkenney/Projects/medical-terminology-mapper/data/terminology/snomed_core.sqlite
2025-05-18 03:55:36 - app.standards.terminology.embedded_db - INFO - Connecting to loinc database at /Users/brandonkenney/Projects/medical-terminology-mapper/data/terminology/loinc_core.sqlite
2025-05-18 03:55:36 - app.standards.terminology.embedded_db - INFO - Connecting to rxnorm database at /Users/brandonkenney/Projects/medical-terminology-mapper/data/terminology/rxnorm_core.sqlite
2025-05-18 03:55:36 - app.standards.terminology.embedded_db - INFO - Loaded 6 custom mappings
2025-05-18 03:55:36 - app.standards.terminology.embedded_db - INFO - Connecting to snomed database at /Users/brandonkenney/Projects/medical-terminology-mapper/data/terminology/snomed_core.sqlite
2025-05-18 03:55:36 - app.standards.terminology.embedded_db - INFO - Connecting to loinc database at /Users/brandonkenney/Projects/medical-terminology-mapper/data/terminology/loinc_core.sqlite
2025-05-18 03:55:36 - app.standards.terminology.embedded_db - INFO - Connecting to rxnorm database at /Users/brandonkenney/Projects/medical-terminology-mapper/data/terminology/rxnorm_core.sqlite
2025-05-18 03:55:36 - app.standards.terminology.embedded_db - INFO - Loaded 6 custom mappings
2025-05-18 04:04:15 - root - INFO - Logger initialized
2025-05-18 04:04:15 - app - INFO - Initializing Medical Terminology Mapper application
2025-05-18 04:04:15 - setup_terminology_db - INFO - Starting terminology database setup
2025-05-18 04:04:15 - setup_terminology_db - INFO - Using data directory: /Users/brandonkenney/Projects/medical-terminology-mapper/data/terminology
2025-05-18 04:04:15 - setup_terminology_db - INFO - Creating sample databases...
2025-05-18 04:04:15 - app.standards.terminology.db_updater - INFO - Creating sample snomed database...
2025-05-18 04:04:15 - app.standards.terminology.db_updater - INFO - Created empty snomed database at /Users/brandonkenney/Projects/medical-terminology-mapper/data/terminology/snomed_core.sqlite
2025-05-18 04:04:15 - app.standards.terminology.db_updater - INFO - Successfully imported 15 concepts records into snomed database
2025-05-18 04:04:15 - app.standards.terminology.db_updater - INFO - Imported 15 snomed concepts
2025-05-18 04:04:15 - app.standards.terminology.db_updater - INFO - Successfully imported 14 relationships records into snomed database
2025-05-18 04:04:15 - app.standards.terminology.db_updater - INFO - Imported 14 snomed relationships
2025-05-18 04:04:15 - app.standards.terminology.db_updater - INFO - Creating sample loinc database...
2025-05-18 04:04:15 - app.standards.terminology.db_updater - INFO - Created empty loinc database at /Users/brandonkenney/Projects/medical-terminology-mapper/data/terminology/loinc_core.sqlite
2025-05-18 04:04:15 - app.standards.terminology.db_updater - INFO - Successfully imported 15 concepts records into loinc database
2025-05-18 04:04:15 - app.standards.terminology.db_updater - INFO - Imported 15 loinc concepts
2025-05-18 04:04:15 - app.standards.terminology.db_updater - INFO - Creating sample rxnorm database...
2025-05-18 04:04:15 - app.standards.terminology.db_updater - INFO - Created empty rxnorm database at /Users/brandonkenney/Projects/medical-terminology-mapper/data/terminology/rxnorm_core.sqlite
2025-05-18 04:04:15 - app.standards.terminology.db_updater - INFO - Successfully imported 25 concepts records into rxnorm database
2025-05-18 04:04:15 - app.standards.terminology.db_updater - INFO - Imported 25 rxnorm concepts
2025-05-18 04:04:15 - app.standards.terminology.db_updater - ERROR - Error importing data: Unsupported data type: relationships for rxnorm
2025-05-18 04:04:15 - app.standards.terminology.db_updater - ERROR - Error creating sample databases: Unsupported data type: relationships for rxnorm
2025-05-18 04:04:15 - setup_terminology_db - ERROR - Error creating sample databases: Unsupported data type: relationships for rxnorm
2025-05-18 04:04:50 - root - INFO - Logger initialized
2025-05-18 04:04:50 - app - INFO - Initializing Medical Terminology Mapper application
2025-05-18 04:04:50 - setup_terminology_db - INFO - Starting terminology database setup
2025-05-18 04:04:50 - setup_terminology_db - INFO - Using data directory: /Users/brandonkenney/Projects/medical-terminology-mapper/data/terminology
2025-05-18 04:04:50 - setup_terminology_db - INFO - Creating sample databases...
2025-05-18 04:04:50 - app.standards.terminology.db_updater - INFO - Creating sample snomed database...
2025-05-18 04:04:50 - app.standards.terminology.db_updater - INFO - Created empty snomed database at /Users/brandonkenney/Projects/medical-terminology-mapper/data/terminology/snomed_core.sqlite
2025-05-18 04:04:50 - app.standards.terminology.db_updater - INFO - Successfully imported 15 concepts records into snomed database
2025-05-18 04:04:50 - app.standards.terminology.db_updater - INFO - Imported 15 snomed concepts
2025-05-18 04:04:50 - app.standards.terminology.db_updater - INFO - Successfully imported 14 relationships records into snomed database
2025-05-18 04:04:50 - app.standards.terminology.db_updater - INFO - Imported 14 snomed relationships
2025-05-18 04:04:50 - app.standards.terminology.db_updater - INFO - Creating sample loinc database...
2025-05-18 04:04:50 - app.standards.terminology.db_updater - INFO - Created empty loinc database at /Users/brandonkenney/Projects/medical-terminology-mapper/data/terminology/loinc_core.sqlite
2025-05-18 04:04:50 - app.standards.terminology.db_updater - INFO - Successfully imported 15 concepts records into loinc database
2025-05-18 04:04:50 - app.standards.terminology.db_updater - INFO - Imported 15 loinc concepts
2025-05-18 04:04:50 - app.standards.terminology.db_updater - INFO - Creating sample rxnorm database...
2025-05-18 04:04:50 - app.standards.terminology.db_updater - INFO - Created empty rxnorm database at /Users/brandonkenney/Projects/medical-terminology-mapper/data/terminology/rxnorm_core.sqlite
2025-05-18 04:04:50 - app.standards.terminology.db_updater - INFO - Successfully imported 25 concepts records into rxnorm database
2025-05-18 04:04:50 - app.standards.terminology.db_updater - INFO - Imported 25 rxnorm concepts
2025-05-18 04:04:50 - app.standards.terminology.db_updater - ERROR - Error importing data: no such table: rxnorm_relationships
2025-05-18 04:04:50 - app.standards.terminology.db_updater - ERROR - Error creating sample databases: no such table: rxnorm_relationships
2025-05-18 04:04:50 - setup_terminology_db - ERROR - Error creating sample databases: no such table: rxnorm_relationships
2025-05-18 04:05:13 - root - INFO - Logger initialized
2025-05-18 04:05:13 - app - INFO - Initializing Medical Terminology Mapper application
2025-05-18 04:05:13 - setup_terminology_db - INFO - Starting terminology database setup
2025-05-18 04:05:13 - setup_terminology_db - INFO - Using data directory: /Users/brandonkenney/Projects/medical-terminology-mapper/data/terminology
2025-05-18 04:05:13 - setup_terminology_db - INFO - Creating sample databases...
2025-05-18 04:05:13 - app.standards.terminology.db_updater - INFO - Creating sample snomed database...
2025-05-18 04:05:13 - app.standards.terminology.db_updater - INFO - Created empty snomed database at /Users/brandonkenney/Projects/medical-terminology-mapper/data/terminology/snomed_core.sqlite
2025-05-18 04:05:13 - app.standards.terminology.db_updater - INFO - Successfully imported 15 concepts records into snomed database
2025-05-18 04:05:13 - app.standards.terminology.db_updater - INFO - Imported 15 snomed concepts
2025-05-18 04:05:13 - app.standards.terminology.db_updater - INFO - Successfully imported 14 relationships records into snomed database
2025-05-18 04:05:13 - app.standards.terminology.db_updater - INFO - Imported 14 snomed relationships
2025-05-18 04:05:13 - app.standards.terminology.db_updater - INFO - Creating sample loinc database...
2025-05-18 04:05:13 - app.standards.terminology.db_updater - INFO - Created empty loinc database at /Users/brandonkenney/Projects/medical-terminology-mapper/data/terminology/loinc_core.sqlite
2025-05-18 04:05:13 - app.standards.terminology.db_updater - INFO - Successfully imported 15 concepts records into loinc database
2025-05-18 04:05:13 - app.standards.terminology.db_updater - INFO - Imported 15 loinc concepts
2025-05-18 04:05:13 - app.standards.terminology.db_updater - INFO - Creating sample rxnorm database...
2025-05-18 04:05:13 - app.standards.terminology.db_updater - INFO - Created empty rxnorm database at /Users/brandonkenney/Projects/medical-terminology-mapper/data/terminology/rxnorm_core.sqlite
2025-05-18 04:05:13 - app.standards.terminology.db_updater - INFO - Successfully imported 25 concepts records into rxnorm database
2025-05-18 04:05:13 - app.standards.terminology.db_updater - INFO - Imported 25 rxnorm concepts
2025-05-18 04:05:13 - app.standards.terminology.db_updater - WARNING - rxnorm_relationships table does not exist, recreating...
2025-05-18 04:05:13 - app.standards.terminology.db_updater - INFO - Created empty rxnorm database at /Users/brandonkenney/Projects/medical-terminology-mapper/data/terminology/rxnorm_core.sqlite
2025-05-18 04:05:13 - app.standards.terminology.db_updater - ERROR - Error importing data: no such table: rxnorm_relationships
2025-05-18 04:05:13 - app.standards.terminology.db_updater - ERROR - Error importing relationships: no such table: rxnorm_relationships
2025-05-18 04:05:13 - app.standards.terminology.db_updater - INFO - Sample databases creation completed
2025-05-18 04:05:13 - setup_terminology_db - INFO - Sample databases created successfully
2025-05-18 04:05:53 - root - INFO - Logger initialized
2025-05-18 04:05:53 - app - INFO - Initializing Medical Terminology Mapper application
2025-05-18 04:05:53 - app.standards.terminology.embedded_db - INFO - Connecting to snomed database at /Users/brandonkenney/Projects/medical-terminology-mapper/data/terminology/snomed_core.sqlite
2025-05-18 04:05:53 - app.standards.terminology.embedded_db - INFO - Connecting to loinc database at /Users/brandonkenney/Projects/medical-terminology-mapper/data/terminology/loinc_core.sqlite
2025-05-18 04:05:53 - app.standards.terminology.embedded_db - INFO - Connecting to rxnorm database at /Users/brandonkenney/Projects/medical-terminology-mapper/data/terminology/rxnorm_core.sqlite
2025-05-18 04:05:53 - app.standards.terminology.embedded_db - INFO - Loaded 6 custom mappings
2025-05-18 04:05:53 - app.standards.terminology.embedded_db - ERROR - Error looking up RxNorm term 'Lipitor': no such column: ingredient
2025-05-18 04:05:53 - app.standards.terminology.embedded_db - ERROR - Error looking up RxNorm term 'ibuprofen': no such column: ingredient
2025-05-18 04:05:53 - app.standards.terminology.embedded_db - INFO - Connecting to snomed database at /Users/brandonkenney/Projects/medical-terminology-mapper/data/terminology/snomed_core.sqlite
2025-05-18 04:05:53 - app.standards.terminology.embedded_db - INFO - Connecting to loinc database at /Users/brandonkenney/Projects/medical-terminology-mapper/data/terminology/loinc_core.sqlite
2025-05-18 04:05:53 - app.standards.terminology.embedded_db - INFO - Connecting to rxnorm database at /Users/brandonkenney/Projects/medical-terminology-mapper/data/terminology/rxnorm_core.sqlite
2025-05-18 04:05:53 - app.standards.terminology.embedded_db - INFO - Loaded 6 custom mappings
2025-05-18 04:05:53 - app.standards.terminology.embedded_db - ERROR - Error looking up RxNorm term 'lisinopril 10mg': no such column: ingredient
2025-05-18 04:05:53 - app.standards.terminology.embedded_db - ERROR - Error looking up RxNorm term 'metformin 500 mg tablet': no such column: ingredient
2025-05-18 04:05:53 - app.standards.terminology.embedded_db - ERROR - Error looking up RxNorm term 'Lipitor 20mg': no such column: ingredient
2025-05-18 04:05:53 - app.standards.terminology.embedded_db - ERROR - Error looking up RxNorm term 'ibuprofen 200mg oral tablet': no such column: ingredient
2025-05-18 04:05:53 - app.standards.terminology.embedded_db - INFO - Connecting to snomed database at /Users/brandonkenney/Projects/medical-terminology-mapper/data/terminology/snomed_core.sqlite
2025-05-18 04:05:53 - app.standards.terminology.embedded_db - INFO - Connecting to loinc database at /Users/brandonkenney/Projects/medical-terminology-mapper/data/terminology/loinc_core.sqlite
2025-05-18 04:05:53 - app.standards.terminology.embedded_db - INFO - Connecting to rxnorm database at /Users/brandonkenney/Projects/medical-terminology-mapper/data/terminology/rxnorm_core.sqlite
2025-05-18 04:05:53 - app.standards.terminology.embedded_db - INFO - Loaded 6 custom mappings
2025-05-18 04:05:53 - app.standards.terminology.embedded_db - ERROR - Error looking up RxNorm term 'lisinopril-hctz': no such column: ingredient
2025-05-18 04:05:53 - app.standards.terminology.embedded_db - ERROR - Error looking up RxNorm term 'amlodipine/benazepril': no such column: ingredient
2025-05-18 04:05:53 - app.standards.terminology.embedded_db - ERROR - Error looking up RxNorm term '10mg metformin': no such column: ingredient
2025-05-18 04:05:53 - app.standards.terminology.embedded_db - INFO - Connecting to snomed database at /Users/brandonkenney/Projects/medical-terminology-mapper/data/terminology/snomed_core.sqlite
2025-05-18 04:05:53 - app.standards.terminology.embedded_db - INFO - Connecting to loinc database at /Users/brandonkenney/Projects/medical-terminology-mapper/data/terminology/loinc_core.sqlite
2025-05-18 04:05:53 - app.standards.terminology.embedded_db - INFO - Connecting to rxnorm database at /Users/brandonkenney/Projects/medical-terminology-mapper/data/terminology/rxnorm_core.sqlite
2025-05-18 04:05:53 - app.standards.terminology.embedded_db - INFO - Loaded 6 custom mappings
2025-05-18 04:05:53 - app.standards.terminology.embedded_db - ERROR - Error adding RxNorm details for '29046': no such column: ingredient
2025-05-18 04:05:53 - app.standards.terminology.embedded_db - ERROR - Error looking up RxNorm term 'Lipitor': no such column: ingredient
2025-05-18 04:05:53 - app.standards.terminology.embedded_db - ERROR - Error looking up RxNorm term 'lisinopril-hydrochlorothiazide': no such column: ingredient
2025-05-18 04:05:58 - root - INFO - Logger initialized
2025-05-18 04:05:58 - app - INFO - Initializing Medical Terminology Mapper application
2025-05-18 04:05:58 - setup_terminology_db - INFO - Starting terminology database setup
2025-05-18 04:05:58 - setup_terminology_db - INFO - Using data directory: /Users/brandonkenney/Projects/medical-terminology-mapper/data/terminology
2025-05-18 04:05:58 - setup_terminology_db - INFO - Creating sample databases...
2025-05-18 04:05:58 - app.standards.terminology.db_updater - INFO - Creating sample snomed database...
2025-05-18 04:05:58 - app.standards.terminology.db_updater - INFO - Created empty snomed database at /Users/brandonkenney/Projects/medical-terminology-mapper/data/terminology/snomed_core.sqlite
2025-05-18 04:05:58 - app.standards.terminology.db_updater - INFO - Successfully imported 15 concepts records into snomed database
2025-05-18 04:05:58 - app.standards.terminology.db_updater - INFO - Imported 15 snomed concepts
2025-05-18 04:05:58 - app.standards.terminology.db_updater - INFO - Successfully imported 14 relationships records into snomed database
2025-05-18 04:05:58 - app.standards.terminology.db_updater - INFO - Imported 14 snomed relationships
2025-05-18 04:05:58 - app.standards.terminology.db_updater - INFO - Creating sample loinc database...
2025-05-18 04:05:58 - app.standards.terminology.db_updater - INFO - Created empty loinc database at /Users/brandonkenney/Projects/medical-terminology-mapper/data/terminology/loinc_core.sqlite
2025-05-18 04:05:58 - app.standards.terminology.db_updater - INFO - Successfully imported 15 concepts records into loinc database
2025-05-18 04:05:58 - app.standards.terminology.db_updater - INFO - Imported 15 loinc concepts
2025-05-18 04:05:58 - app.standards.terminology.db_updater - INFO - Creating sample rxnorm database...
2025-05-18 04:05:58 - app.standards.terminology.db_updater - INFO - Created empty rxnorm database at /Users/brandonkenney/Projects/medical-terminology-mapper/data/terminology/rxnorm_core.sqlite
2025-05-18 04:05:58 - app.standards.terminology.db_updater - INFO - Successfully imported 25 concepts records into rxnorm database
2025-05-18 04:05:58 - app.standards.terminology.db_updater - INFO - Imported 25 rxnorm concepts
2025-05-18 04:05:58 - app.standards.terminology.db_updater - WARNING - rxnorm_relationships table does not exist, recreating...
2025-05-18 04:05:58 - app.standards.terminology.db_updater - INFO - Created empty rxnorm database at /Users/brandonkenney/Projects/medical-terminology-mapper/data/terminology/rxnorm_core.sqlite
2025-05-18 04:05:58 - app.standards.terminology.db_updater - ERROR - Error importing data: no such table: rxnorm_relationships
2025-05-18 04:05:58 - app.standards.terminology.db_updater - ERROR - Error importing relationships: no such table: rxnorm_relationships
2025-05-18 04:05:58 - app.standards.terminology.db_updater - INFO - Sample databases creation completed
2025-05-18 04:05:58 - setup_terminology_db - INFO - Sample databases created successfully
2025-05-18 04:06:07 - root - INFO - Logger initialized
2025-05-18 04:06:07 - app - INFO - Initializing Medical Terminology Mapper application
2025-05-18 04:06:07 - app.standards.terminology.embedded_db - INFO - Connecting to snomed database at /Users/brandonkenney/Projects/medical-terminology-mapper/data/terminology/snomed_core.sqlite
2025-05-18 04:06:07 - app.standards.terminology.embedded_db - INFO - Connecting to loinc database at /Users/brandonkenney/Projects/medical-terminology-mapper/data/terminology/loinc_core.sqlite
2025-05-18 04:06:07 - app.standards.terminology.embedded_db - INFO - Connecting to rxnorm database at /Users/brandonkenney/Projects/medical-terminology-mapper/data/terminology/rxnorm_core.sqlite
2025-05-18 04:06:07 - app.standards.terminology.embedded_db - INFO - Created empty custom mappings file at /Users/brandonkenney/Projects/medical-terminology-mapper/data/terminology/custom_mappings.json
2025-05-18 04:06:07 - app.standards.terminology.db_updater - INFO - Created empty rxnorm database at /Users/brandonkenney/Projects/medical-terminology-mapper/data/terminology/rxnorm_core.sqlite
2025-05-18 04:06:14 - root - INFO - Logger initialized
2025-05-18 04:06:14 - app - INFO - Initializing Medical Terminology Mapper application
2025-05-18 04:06:14 - app.standards.terminology.db_updater - INFO - Successfully imported 25 concepts records into rxnorm database
2025-05-18 04:06:22 - root - INFO - Logger initialized
2025-05-18 04:06:22 - app - INFO - Initializing Medical Terminology Mapper application
2025-05-18 04:06:22 - app.standards.terminology.db_updater - ERROR - Error importing data: no such table: rxnorm_relationships
2025-05-18 04:11:44 - root - INFO - Logger initialized
2025-05-18 04:11:44 - app - INFO - Initializing Medical Terminology Mapper application
2025-05-18 04:11:44 - setup_terminology_db - INFO - Starting terminology database setup
2025-05-18 04:11:44 - setup_terminology_db - INFO - Using data directory: /Users/brandonkenney/Projects/medical-terminology-mapper/data/terminology
2025-05-18 04:11:44 - setup_terminology_db - INFO - Creating sample databases...
2025-05-18 04:11:44 - app.standards.terminology.db_updater - INFO - Creating sample snomed database...
2025-05-18 04:11:44 - app.standards.terminology.db_updater - INFO - Created empty snomed database at /Users/brandonkenney/Projects/medical-terminology-mapper/data/terminology/snomed_core.sqlite
2025-05-18 04:11:44 - app.standards.terminology.db_updater - INFO - Successfully imported 15 concepts records into snomed database
2025-05-18 04:11:44 - app.standards.terminology.db_updater - INFO - Imported 15 snomed concepts
2025-05-18 04:11:44 - app.standards.terminology.db_updater - INFO - Successfully imported 14 relationships records into snomed database
2025-05-18 04:11:44 - app.standards.terminology.db_updater - INFO - Imported 14 snomed relationships
2025-05-18 04:11:44 - app.standards.terminology.db_updater - INFO - Creating sample loinc database...
2025-05-18 04:11:44 - app.standards.terminology.db_updater - INFO - Created empty loinc database at /Users/brandonkenney/Projects/medical-terminology-mapper/data/terminology/loinc_core.sqlite
2025-05-18 04:11:44 - app.standards.terminology.db_updater - INFO - Successfully imported 15 concepts records into loinc database
2025-05-18 04:11:44 - app.standards.terminology.db_updater - INFO - Imported 15 loinc concepts
2025-05-18 04:11:44 - app.standards.terminology.db_updater - INFO - Creating sample rxnorm database...
2025-05-18 04:11:44 - app.standards.terminology.db_updater - INFO - Created empty rxnorm database at /Users/brandonkenney/Projects/medical-terminology-mapper/data/terminology/rxnorm_core.sqlite
2025-05-18 04:11:44 - app.standards.terminology.db_updater - ERROR - CRITICAL: rxnorm_relationships table was not created in schema
2025-05-18 04:11:44 - app.standards.terminology.db_updater - INFO - Manually creating rxnorm_relationships table...
2025-05-18 04:11:44 - app.standards.terminology.db_updater - INFO - Manually created rxnorm_relationships table successfully
2025-05-18 04:11:44 - app.standards.terminology.db_updater - ERROR - Missing RxNorm columns: ['brand_name', 'ingredient', 'strength', 'dose_form', 'route', 'ndc', 'atc']
2025-05-18 04:11:44 - app.standards.terminology.db_updater - INFO - Recreated rxnorm_concepts table with all required columns
2025-05-18 04:11:44 - app.standards.terminology.db_updater - INFO - Successfully imported 25 concepts records into rxnorm database
2025-05-18 04:11:44 - app.standards.terminology.db_updater - INFO - Imported 25 rxnorm concepts
2025-05-18 04:11:44 - app.standards.terminology.db_updater - INFO - Successfully imported 21 relationships records into rxnorm database
2025-05-18 04:11:44 - app.standards.terminology.db_updater - INFO - Imported 21 rxnorm relationships
2025-05-18 04:11:44 - app.standards.terminology.db_updater - INFO - Sample databases creation completed
2025-05-18 04:11:44 - setup_terminology_db - INFO - Sample databases created successfully
2025-05-18 04:11:49 - root - INFO - Logger initialized
2025-05-18 04:11:49 - app - INFO - Initializing Medical Terminology Mapper application
2025-05-18 04:11:49 - app.standards.terminology.embedded_db - INFO - Connecting to snomed database at /Users/brandonkenney/Projects/medical-terminology-mapper/data/terminology/snomed_core.sqlite
2025-05-18 04:11:49 - app.standards.terminology.embedded_db - INFO - Connecting to loinc database at /Users/brandonkenney/Projects/medical-terminology-mapper/data/terminology/loinc_core.sqlite
2025-05-18 04:11:49 - app.standards.terminology.embedded_db - INFO - Connecting to rxnorm database at /Users/brandonkenney/Projects/medical-terminology-mapper/data/terminology/rxnorm_core.sqlite
2025-05-18 04:11:49 - app.standards.terminology.embedded_db - INFO - Loaded 0 custom mappings
2025-05-18 04:11:49 - app.standards.terminology.embedded_db - INFO - Connecting to snomed database at /Users/brandonkenney/Projects/medical-terminology-mapper/data/terminology/snomed_core.sqlite
2025-05-18 04:11:49 - app.standards.terminology.embedded_db - INFO - Connecting to loinc database at /Users/brandonkenney/Projects/medical-terminology-mapper/data/terminology/loinc_core.sqlite
2025-05-18 04:11:49 - app.standards.terminology.embedded_db - INFO - Connecting to rxnorm database at /Users/brandonkenney/Projects/medical-terminology-mapper/data/terminology/rxnorm_core.sqlite
2025-05-18 04:11:49 - app.standards.terminology.embedded_db - INFO - Loaded 0 custom mappings
2025-05-18 04:11:49 - app.standards.terminology.embedded_db - INFO - Connecting to snomed database at /Users/brandonkenney/Projects/medical-terminology-mapper/data/terminology/snomed_core.sqlite
2025-05-18 04:11:49 - app.standards.terminology.embedded_db - INFO - Connecting to loinc database at /Users/brandonkenney/Projects/medical-terminology-mapper/data/terminology/loinc_core.sqlite
2025-05-18 04:11:49 - app.standards.terminology.embedded_db - INFO - Connecting to rxnorm database at /Users/brandonkenney/Projects/medical-terminology-mapper/data/terminology/rxnorm_core.sqlite
2025-05-18 04:11:49 - app.standards.terminology.embedded_db - INFO - Loaded 0 custom mappings
2025-05-18 04:11:49 - app.standards.terminology.embedded_db - INFO - Connecting to snomed database at /Users/brandonkenney/Projects/medical-terminology-mapper/data/terminology/snomed_core.sqlite
2025-05-18 04:11:49 - app.standards.terminology.embedded_db - INFO - Connecting to loinc database at /Users/brandonkenney/Projects/medical-terminology-mapper/data/terminology/loinc_core.sqlite
2025-05-18 04:11:49 - app.standards.terminology.embedded_db - INFO - Connecting to rxnorm database at /Users/brandonkenney/Projects/medical-terminology-mapper/data/terminology/rxnorm_core.sqlite
2025-05-18 04:11:49 - app.standards.terminology.embedded_db - INFO - Loaded 0 custom mappings
2025-05-18 04:12:55 - root - INFO - Logger initialized
2025-05-18 04:12:55 - app - INFO - Initializing Medical Terminology Mapper application
2025-05-18 04:12:55 - app.standards.terminology.embedded_db - INFO - Connecting to snomed database at /Users/brandonkenney/Projects/medical-terminology-mapper/data/terminology/snomed_core.sqlite
2025-05-18 04:12:55 - app.standards.terminology.embedded_db - INFO - Connecting to loinc database at /Users/brandonkenney/Projects/medical-terminology-mapper/data/terminology/loinc_core.sqlite
2025-05-18 04:12:55 - app.standards.terminology.embedded_db - INFO - Connecting to rxnorm database at /Users/brandonkenney/Projects/medical-terminology-mapper/data/terminology/rxnorm_core.sqlite
2025-05-18 04:12:55 - app.standards.terminology.embedded_db - INFO - Loaded 0 custom mappings
2025-05-18 04:12:55 - app.standards.terminology.embedded_db - INFO - Connecting to snomed database at /Users/brandonkenney/Projects/medical-terminology-mapper/data/terminology/snomed_core.sqlite
2025-05-18 04:12:55 - app.standards.terminology.embedded_db - INFO - Connecting to loinc database at /Users/brandonkenney/Projects/medical-terminology-mapper/data/terminology/loinc_core.sqlite
2025-05-18 04:12:55 - app.standards.terminology.embedded_db - INFO - Connecting to rxnorm database at /Users/brandonkenney/Projects/medical-terminology-mapper/data/terminology/rxnorm_core.sqlite
2025-05-18 04:12:55 - app.standards.terminology.embedded_db - INFO - Loaded 0 custom mappings
2025-05-18 04:12:55 - app.standards.terminology.embedded_db - INFO - Connecting to snomed database at /Users/brandonkenney/Projects/medical-terminology-mapper/data/terminology/snomed_core.sqlite
2025-05-18 04:12:55 - app.standards.terminology.embedded_db - INFO - Connecting to loinc database at /Users/brandonkenney/Projects/medical-terminology-mapper/data/terminology/loinc_core.sqlite
2025-05-18 04:12:55 - app.standards.terminology.embedded_db - INFO - Connecting to rxnorm database at /Users/brandonkenney/Projects/medical-terminology-mapper/data/terminology/rxnorm_core.sqlite
2025-05-18 04:12:55 - app.standards.terminology.embedded_db - INFO - Loaded 0 custom mappings
2025-05-18 04:12:55 - app.standards.terminology.embedded_db - INFO - Connecting to snomed database at /Users/brandonkenney/Projects/medical-terminology-mapper/data/terminology/snomed_core.sqlite
2025-05-18 04:12:55 - app.standards.terminology.embedded_db - INFO - Connecting to loinc database at /Users/brandonkenney/Projects/medical-terminology-mapper/data/terminology/loinc_core.sqlite
2025-05-18 04:12:55 - app.standards.terminology.embedded_db - INFO - Connecting to rxnorm database at /Users/brandonkenney/Projects/medical-terminology-mapper/data/terminology/rxnorm_core.sqlite
2025-05-18 04:12:55 - app.standards.terminology.embedded_db - INFO - Loaded 0 custom mappings
