2025-05-17 16:05:03 - root - INFO - Logger initialized
2025-05-17 16:05:03 - app - INFO - Initializing Medical Terminology Mapper application
2025-05-17 16:05:04 - app.standards.terminology.fuzzy_matcher - INFO - RapidFuzz library available for enhanced fuzzy matching
2025-05-17 16:05:15 - app.standards.terminology.fuzzy_matcher - INFO - scikit-learn available for TF-IDF vectorization
2025-05-17 16:05:15 - app.standards.terminology.fuzzy_matcher - INFO - Created new synonym set for 'cholesterol' with 3 synonyms
2025-05-17 16:06:26 - root - INFO - Logger initialized
2025-05-17 16:06:26 - app - INFO - Initializing Medical Terminology Mapper application
2025-05-17 16:06:26 - app.standards.terminology.fuzzy_matcher - INFO - RapidFuzz library available for enhanced fuzzy matching
2025-05-17 16:06:28 - app.standards.terminology.fuzzy_matcher - INFO - scikit-learn available for TF-IDF vectorization
2025-05-17 16:06:28 - app.standards.terminology.fuzzy_matcher - INFO - Created new synonym set for 'cholesterol' with 3 synonyms
2025-05-17 16:06:42 - root - INFO - Logger initialized
2025-05-17 16:06:42 - app - INFO - Initializing Medical Terminology Mapper application
2025-05-17 16:06:42 - app.standards.terminology.fuzzy_matcher - INFO - RapidFuzz library available for enhanced fuzzy matching
2025-05-17 16:06:43 - app.standards.terminology.fuzzy_matcher - INFO - scikit-learn available for TF-IDF vectorization
2025-05-17 16:06:43 - app.standards.terminology.fuzzy_matcher - INFO - Created new synonym set for 'cholesterol' with 3 synonyms
2025-05-17 16:25:34 - root - INFO - Logger initialized
2025-05-17 16:25:34 - app - INFO - Initializing Medical Terminology Mapper application
2025-05-17 16:25:34 - app.standards.terminology.fuzzy_matcher - INFO - RapidFuzz library available for enhanced fuzzy matching
2025-05-17 16:25:36 - app.standards.terminology.fuzzy_matcher - INFO - scikit-learn available for TF-IDF vectorization
2025-05-17 16:28:04 - root - INFO - Logger initialized
2025-05-17 16:28:04 - app - INFO - Initializing Medical Terminology Mapper application
2025-05-17 16:28:04 - app.standards.terminology.fuzzy_matcher - INFO - RapidFuzz library available for enhanced fuzzy matching
2025-05-17 16:28:06 - app.standards.terminology.fuzzy_matcher - INFO - scikit-learn available for TF-IDF vectorization
2025-05-17 16:28:40 - root - INFO - Logger initialized
2025-05-17 16:28:40 - app - INFO - Initializing Medical Terminology Mapper application
2025-05-17 16:29:36 - root - INFO - Logger initialized
2025-05-17 16:29:36 - app - INFO - Initializing Medical Terminology Mapper application
2025-05-17 16:29:36 - cli.map_terms - INFO - Fuzzy match found using 'unknown' algorithm with confidence 0.0%
2025-05-17 16:29:36 - cli.map_terms - ERROR - Error: unsupported format string passed to MagicMock.__format__
2025-05-17 16:29:42 - root - INFO - Logger initialized
2025-05-17 16:29:42 - app - INFO - Initializing Medical Terminology Mapper application
2025-05-17 16:29:42 - app.standards.terminology.fuzzy_matcher - INFO - RapidFuzz library available for enhanced fuzzy matching
2025-05-17 16:29:43 - app.standards.terminology.fuzzy_matcher - INFO - scikit-learn available for TF-IDF vectorization
2025-05-17 16:29:43 - app.standards.terminology.fuzzy_matcher - INFO - Created new synonym set for 'cholesterol' with 3 synonyms
